<?xml version="1.0" encoding="UTF-8"?>
<!-- Generated by org.testng.reporters.JUnitXMLReporter -->
<testsuite ignored="1" hostname="NARESHKUMAR-SOUNDARRAJI" failures="0" tests="9" name="Test" time="89.293" errors="0" timestamp="2025-06-09T15:33:37 IST">
  <testcase classname="TestScripts.CartTest" name="addToCart" time="3.813"/>
  <testcase classname="TestScripts.CartTest" name="updateCart" time="1.9"/>
  <testcase classname="TestScripts.CartTest" name="removeFromCart" time="2.19"/>
  <testcase classname="TestScripts.WishListTest" name="addToWishList" time="3.202"/>
  <testcase classname="TestScripts.WishListTest" name="updateWishList" time="1.453"/>
  <testcase classname="TestScripts.WishListTest" name="addToCartFromWishList" time="2.142"/>
  <testcase classname="TestScripts.AddressTest" name="addAddress" time="5.459"/>
  <testcase classname="TestScripts.AddressTest" name="updateAddress" time="4.115"/>
  <testcase classname="TestScripts.AddressTest" name="removeAddress" time="14.33"/>
  <testcase classname="TestScripts.WishListTest" name="removeWishList" time="0.0">
    <ignored/>
  </testcase> <!-- removeWishList -->
</testsuite> <!-- Test -->
