<?xml version="1.0" encoding="UTF-8"?>
<!-- Generated by org.testng.reporters.JUnitXMLReporter -->
<testsuite ignored="4" hostname="NARESHKUMAR-SOUNDARRAJI" failures="0" tests="10" name="Test3" time="98.015" errors="0" timestamp="2025-06-09T15:41:11 IST">
  <testcase classname="TestScripts.CartTest" name="addToCart" time="3.625"/>
  <testcase classname="TestScripts.CartTest" name="updateCart" time="1.791"/>
  <testcase classname="TestScripts.CartTest" name="removeFromCart" time="2.168"/>
  <testcase classname="TestScripts.WishListTest" name="addToWishList" time="2.653"/>
  <testcase classname="TestScripts.WishListTest" name="updateWishList" time="1.497"/>
  <testcase classname="TestScripts.WishListTest" name="addToCartFromWishList" time="2.029"/>
  <testcase classname="TestScripts.WishListTest" name="removeWishList" time="1.421"/>
  <testcase classname="TestScripts.AddressTest" name="addAddress" time="5.51"/>
  <testcase classname="TestScripts.AddressTest" name="updateAddress" time="4.243"/>
  <testcase classname="TestScripts.AddressTest" name="removeAddress" time="15.898"/>
  <testcase classname="Generic_Utilities.BaseTest" name="@BeforeSuite beforeSuite" time="0.0">
    <ignored/>
  </testcase> <!-- @BeforeSuite beforeSuite -->
  <testcase classname="Generic_Utilities.BaseTest" name="@AfterSuite afterSuite" time="0.0">
    <ignored/>
  </testcase> <!-- @AfterSuite afterSuite -->
  <testcase classname="Generic_Utilities.BaseTest" name="@AfterSuite afterSuite" time="0.0">
    <ignored/>
  </testcase> <!-- @AfterSuite afterSuite -->
  <testcase classname="Generic_Utilities.BaseTest" name="@BeforeSuite beforeSuite" time="0.0">
    <ignored/>
  </testcase> <!-- @BeforeSuite beforeSuite -->
</testsuite> <!-- Test3 -->
