<?xml version="1.0" encoding="UTF-8"?>
<!-- Generated by org.testng.reporters.JUnitXMLReporter -->
<testsuite ignored="4" hostname="NARESHKUMAR-SOUNDARRAJI" failures="0" tests="10" name="Test1" time="90.043" errors="0" timestamp="2025-06-09T15:35:37 IST">
  <testcase classname="TestScripts.CartTest" name="addToCart" time="3.943"/>
  <testcase classname="TestScripts.CartTest" name="updateCart" time="1.725"/>
  <testcase classname="TestScripts.CartTest" name="removeFromCart" time="2.169"/>
  <testcase classname="TestScripts.WishListTest" name="addToWishList" time="2.689"/>
  <testcase classname="TestScripts.WishListTest" name="updateWishList" time="1.422"/>
  <testcase classname="TestScripts.WishListTest" name="addToCartFromWishList" time="2.155"/>
  <testcase classname="TestScripts.WishListTest" name="removeWishList" time="2.229"/>
  <testcase classname="TestScripts.AddressTest" name="addAddress" time="5.5"/>
  <testcase classname="TestScripts.AddressTest" name="updateAddress" time="4.182"/>
  <testcase classname="TestScripts.AddressTest" name="removeAddress" time="13.728"/>
  <testcase classname="Generic_Utilities.BaseTest" name="@BeforeSuite beforeSuite" time="0.0">
    <ignored/>
  </testcase> <!-- @BeforeSuite beforeSuite -->
  <testcase classname="Generic_Utilities.BaseTest" name="@BeforeSuite beforeSuite" time="0.0">
    <ignored/>
  </testcase> <!-- @BeforeSuite beforeSuite -->
  <testcase classname="Generic_Utilities.BaseTest" name="@AfterSuite afterSuite" time="0.0">
    <ignored/>
  </testcase> <!-- @AfterSuite afterSuite -->
  <testcase classname="Generic_Utilities.BaseTest" name="@AfterSuite afterSuite" time="0.0">
    <ignored/>
  </testcase> <!-- @AfterSuite afterSuite -->
</testsuite> <!-- Test1 -->
