<?xml version="1.0" encoding="UTF-8"?>
<!-- Generated by org.testng.reporters.JUnitXMLReporter -->
<testsuite ignored="0" hostname="NARESHKUMAR-SOUNDARRAJI" failures="0" tests="3" name="Default test" time="33.379" errors="0" timestamp="2025-06-04T15:43:52 IST">
  <testcase classname="TestScripts.CartTest" name="addToCart" time="4.561"/>
  <testcase classname="TestScripts.CartTest" name="updateCart" time="2.524"/>
  <testcase classname="TestScripts.CartTest" name="removeFromCart" time="2.904"/>
</testsuite> <!-- Default test -->
