<?xml version="1.0" encoding="UTF-8"?>
<!-- Generated by org.testng.reporters.JUnitXMLReporter -->
<testsuite ignored="0" hostname="NARESHKUMAR-SOUNDARRAJI" failures="0" tests="3" name="Default test" time="0.181" errors="0" timestamp="2025-05-30T15:06:50 IST">
  <testcase classname="Configuration_Annotation.Configuration_Annotations" name="registerTest" time="0.012"/>
  <testcase classname="Configuration_Annotation.Configuration_Annotations" name="LoginTest" time="0.006"/>
  <testcase classname="Configuration_Annotation.Configuration_Annotations" name="shoppingTest" time="0.005"/>
</testsuite> <!-- Default test -->
