<?xml version="1.0" encoding="UTF-8"?>
<testng-results ignored="0" total="1" passed="1" failed="0" skipped="0">
  <reporter-output>
  </reporter-output>
  <suite started-at="2025-06-18T15:31:31 IST" name="Default suite" finished-at="2025-06-18T15:31:40 IST" duration-ms="9231">
    <groups>
    </groups>
    <test started-at="2025-06-18T15:31:31 IST" name="Default test" finished-at="2025-06-18T15:31:40 IST" duration-ms="9231">
      <class name="Properties.learning_POM_class">
        <test-method signature="learningPOM()[pri:0, instance:Properties.learning_POM_class@f78a47e]" started-at="2025-06-18T15:31:31 IST" name="learningPOM" finished-at="2025-06-18T15:31:40 IST" duration-ms="9124" status="PASS">
          <reporter-output>
          </reporter-output>
        </test-method> <!-- learningPOM -->
      </class> <!-- Properties.learning_POM_class -->
    </test> <!-- Default test -->
  </suite> <!-- Default suite -->
</testng-results>
